0 info it worked if it ends with ok
1 verbose cli [ 'node',
1 verbose cli   '/usr/local/bin/npm',
1 verbose cli   'i',
1 verbose cli   'grunt-contrib-sass',
1 verbose cli   '--save-dev' ]
2 info using npm@1.4.28
3 info using node@v0.10.33
4 warn package.json usertestlab@0.0.1 No repository field.
5 verbose readDependencies using package.json deps
6 verbose cache add [ 'grunt-contrib-sass', null ]
7 verbose cache add name=undefined spec="grunt-contrib-sass" args=["grunt-contrib-sass",null]
8 verbose parsed url { protocol: null,
8 verbose parsed url   slashes: null,
8 verbose parsed url   auth: null,
8 verbose parsed url   host: null,
8 verbose parsed url   port: null,
8 verbose parsed url   hostname: null,
8 verbose parsed url   hash: null,
8 verbose parsed url   search: null,
8 verbose parsed url   query: null,
8 verbose parsed url   pathname: 'grunt-contrib-sass',
8 verbose parsed url   path: 'grunt-contrib-sass',
8 verbose parsed url   href: 'grunt-contrib-sass' }
9 silly lockFile d7fc68e3-grunt-contrib-sass grunt-contrib-sass
10 verbose lock grunt-contrib-sass /Users/Caduceus/.npm/d7fc68e3-grunt-contrib-sass.lock
11 silly lockFile d7fc68e3-grunt-contrib-sass grunt-contrib-sass
12 silly lockFile d7fc68e3-grunt-contrib-sass grunt-contrib-sass
13 verbose addNamed [ 'grunt-contrib-sass', '' ]
14 verbose addNamed [ null, '*' ]
15 silly lockFile 5a9e20b6-grunt-contrib-sass grunt-contrib-sass@
16 verbose lock grunt-contrib-sass@ /Users/Caduceus/.npm/5a9e20b6-grunt-contrib-sass.lock
17 silly addNameRange { name: 'grunt-contrib-sass', range: '*', hasData: false }
18 verbose request where is /grunt-contrib-sass
19 verbose request registry https://registry.npmjs.org/
20 verbose request id 2ba1fd807d2b3aab
21 verbose url raw /grunt-contrib-sass
22 verbose url resolving [ 'https://registry.npmjs.org/', './grunt-contrib-sass' ]
23 verbose url resolved https://registry.npmjs.org/grunt-contrib-sass
24 verbose request where is https://registry.npmjs.org/grunt-contrib-sass
25 info trying registry request attempt 1 at 18:10:46
26 verbose etag "G82Z0N86FHQXLK2QIB0IN6H6"
27 http GET https://registry.npmjs.org/grunt-contrib-sass
28 http 200 https://registry.npmjs.org/grunt-contrib-sass
29 silly registry.get cb [ 200,
29 silly registry.get   { date: 'Tue, 16 Dec 2014 02:10:46 GMT',
29 silly registry.get     server: 'CouchDB/1.5.0 (Erlang OTP/R16B03)',
29 silly registry.get     etag: '"ALQCYTTMN3K92LY2COYANNLW2"',
29 silly registry.get     'content-type': 'application/json',
29 silly registry.get     'cache-control': 'max-age=60',
29 silly registry.get     'content-length': '41143',
29 silly registry.get     'accept-ranges': 'bytes',
29 silly registry.get     via: '1.1 varnish',
29 silly registry.get     age: '60',
29 silly registry.get     'x-served-by': 'cache-sjc3121-SJC',
29 silly registry.get     'x-cache': 'HIT',
29 silly registry.get     'x-cache-hits': '2',
29 silly registry.get     'x-timer': 'S1418695846.918871,VS0,VE0',
29 silly registry.get     vary: 'Accept',
29 silly registry.get     'keep-alive': 'timeout=10, max=50',
29 silly registry.get     connection: 'Keep-Alive' } ]
30 silly addNameRange number 2 { name: 'grunt-contrib-sass', range: '*', hasData: true }
31 silly addNameRange versions [ 'grunt-contrib-sass',
31 silly addNameRange   [ '0.1.0',
31 silly addNameRange     '0.1.1',
31 silly addNameRange     '0.1.2',
31 silly addNameRange     '0.1.3',
31 silly addNameRange     '0.2.0',
31 silly addNameRange     '0.2.1',
31 silly addNameRange     '0.2.2',
31 silly addNameRange     '0.3.0',
31 silly addNameRange     '0.4.0',
31 silly addNameRange     '0.4.1',
31 silly addNameRange     '0.5.0',
31 silly addNameRange     '0.5.1',
31 silly addNameRange     '0.6.0',
31 silly addNameRange     '0.2.2-rc7',
31 silly addNameRange     '0.7.0',
31 silly addNameRange     '0.7.1',
31 silly addNameRange     '0.7.2',
31 silly addNameRange     '0.7.3',
31 silly addNameRange     '0.7.4',
31 silly addNameRange     '0.8.0',
31 silly addNameRange     '0.8.1' ] ]
32 verbose addNamed [ 'grunt-contrib-sass', '0.8.1' ]
33 verbose addNamed [ '0.8.1', '0.8.1' ]
34 silly lockFile db282d06-grunt-contrib-sass-0-8-1 grunt-contrib-sass@0.8.1
35 verbose lock grunt-contrib-sass@0.8.1 /Users/Caduceus/.npm/db282d06-grunt-contrib-sass-0-8-1.lock
36 silly lockFile 01fdd1cd-ass-grunt-contrib-sass-0-8-1-tgz https://registry.npmjs.org/grunt-contrib-sass/-/grunt-contrib-sass-0.8.1.tgz
37 verbose lock https://registry.npmjs.org/grunt-contrib-sass/-/grunt-contrib-sass-0.8.1.tgz /Users/Caduceus/.npm/01fdd1cd-ass-grunt-contrib-sass-0-8-1-tgz.lock
38 verbose addRemoteTarball [ 'https://registry.npmjs.org/grunt-contrib-sass/-/grunt-contrib-sass-0.8.1.tgz',
38 verbose addRemoteTarball   '8de924480dc12a51d35abe96a721682afc88d800' ]
39 info retry fetch attempt 1 at 18:10:46
40 verbose fetch to= /var/folders/s2/h0vtcppj267dgscqr_mcxvzm0000gn/T/npm-24577-6ccqUjFp/registry.npmjs.org/grunt-contrib-sass/-/grunt-contrib-sass-0.8.1.tgz
41 http GET https://registry.npmjs.org/grunt-contrib-sass/-/grunt-contrib-sass-0.8.1.tgz
42 http 200 https://registry.npmjs.org/grunt-contrib-sass/-/grunt-contrib-sass-0.8.1.tgz
43 silly lockFile 01fdd1cd-ass-grunt-contrib-sass-0-8-1-tgz https://registry.npmjs.org/grunt-contrib-sass/-/grunt-contrib-sass-0.8.1.tgz
44 silly lockFile 01fdd1cd-ass-grunt-contrib-sass-0-8-1-tgz https://registry.npmjs.org/grunt-contrib-sass/-/grunt-contrib-sass-0.8.1.tgz
45 silly lockFile db282d06-grunt-contrib-sass-0-8-1 grunt-contrib-sass@0.8.1
46 silly lockFile db282d06-grunt-contrib-sass-0-8-1 grunt-contrib-sass@0.8.1
47 silly lockFile 5a9e20b6-grunt-contrib-sass grunt-contrib-sass@
48 silly lockFile 5a9e20b6-grunt-contrib-sass grunt-contrib-sass@
49 error Error: EACCES, mkdir '/Users/Caduceus/.npm/grunt-contrib-sass/0.8.1'
49 error  { [Error: EACCES, mkdir '/Users/Caduceus/.npm/grunt-contrib-sass/0.8.1']
49 error   errno: 3,
49 error   code: 'EACCES',
49 error   path: '/Users/Caduceus/.npm/grunt-contrib-sass/0.8.1',
49 error   parent: 'usertestlab' }
50 error Please try running this command again as root/Administrator.
51 error System Darwin 14.0.0
52 error command "node" "/usr/local/bin/npm" "i" "grunt-contrib-sass" "--save-dev"
53 error cwd /Users/Caduceus/Projects/blog/personal_blog/src
54 error node -v v0.10.33
55 error npm -v 1.4.28
56 error path /Users/Caduceus/.npm/grunt-contrib-sass/0.8.1
57 error code EACCES
58 error errno 3
59 error stack Error: EACCES, mkdir '/Users/Caduceus/.npm/grunt-contrib-sass/0.8.1'
60 verbose exit [ 3, true ]
